<?xml version="1.0" encoding="UTF-8"?>
<!-- Generated by org.testng.reporters.JUnitReportReporter -->
<testsuite hostname="DESKTOP-HAABOA8" failures="0" tests="2" name="test.Day1" time="0.024" errors="0" timestamp="2024-05-09T19:24:59 IST" skipped="0">
  <testcase classname="test.Day1" name="Demo1" time="0.010"/>
  <testcase classname="test.Day1" name="Demo" time="0.014"/>
</testsuite> <!-- test.Day1 -->
