<?xml version="1.0" encoding="UTF-8"?>
<!-- Generated by org.testng.reporters.JUnitReportReporter -->
<testsuite hostname="DESKTOP-HAABOA8" failures="0" tests="3" name="test.Day4" time="0.027" errors="0" timestamp="2023-11-07T13:53:39 IST" skipped="0">
  <testcase classname="test.Day4" name="home1" time="0.008"/>
  <testcase classname="test.Day4" name="playground1" time="0.015"/>
  <testcase classname="test.Day4" name="office1" time="0.004"/>
</testsuite> <!-- test.Day4 -->
