<?xml version="1.0" encoding="UTF-8"?>
<!-- Generated by org.testng.reporters.JUnitReportReporter -->
<testsuite hostname="DESKTOP-HAABOA8" failures="0" tests="1" name="test.Day2" time="0.008" errors="0" timestamp="2024-05-09T19:25:22 IST" skipped="0">
  <testcase classname="test.Day2" name="Demo4" time="0.008"/>
</testsuite> <!-- test.Day2 -->
