<?xml version="1.0" encoding="UTF-8"?>
<!-- Generated by org.testng.reporters.JUnitReportReporter -->
<testsuite hostname="DESKTOP-HAABOA8" failures="0" tests="2" name="test.Day3" time="0.009" errors="0" timestamp="2023-11-07T13:53:39 IST" skipped="0">
  <testcase classname="test.Day3" name="home" time="0.003"/>
  <testcase classname="test.Day3" name="office" time="0.006"/>
</testsuite> <!-- test.Day3 -->
